<?xml version="1.0" encoding="utf-8"?><testsuites name="pytest tests"><testsuite name="pytest" errors="0" failures="0" skipped="0" tests="3" time="1.019" timestamp="2026-05-21T08:47:48.981946+00:00" hostname="agent-env-971d2db5-acaa-4757-9c70-3fea7a6fa409"><testcase classname="backend.tests.test_google_auth.TestGoogleAuth" name="test_google_login_requires_auth" time="0.138" /><testcase classname="backend.tests.test_google_auth.TestGoogleAuth" name="test_google_login_returns_valid_authorization_url" time="0.393" /><testcase classname="backend.tests.test_google_auth.TestGoogleAuth" name="test_authorization_url_not_returning_credentials_missing_error" time="0.423" /></testsuite></testsuites>