<?xml version="1.0" encoding="utf-8"?><testsuites name="pytest tests"><testsuite name="pytest" errors="0" failures="0" skipped="0" tests="10" time="1.330" timestamp="2026-05-21T08:08:33.921319+00:00" hostname="agent-env-971d2db5-acaa-4757-9c70-3fea7a6fa409"><testcase classname="backend.tests.backend_test.TestAuth" name="test_login_invalid" time="0.284" /><testcase classname="backend.tests.backend_test.TestAuth" name="test_login_success_and_me" time="0.401" /><testcase classname="backend.tests.backend_test.TestAuth" name="test_me_without_auth" time="0.139" /><testcase classname="backend.tests.backend_test.TestCRUD" name="test_tasks_empty_list" time="0.046" /><testcase classname="backend.tests.backend_test.TestCRUD" name="test_create_get_delete_task" time="0.157" /><testcase classname="backend.tests.backend_test.TestCRUD" name="test_clients_list" time="0.048" /><testcase classname="backend.tests.backend_test.TestCRUD" name="test_content_list" time="0.049" /><testcase classname="backend.tests.backend_test.TestCRUD" name="test_admin_tasks_list" time="0.046" /><testcase classname="backend.tests.backend_test.TestCRUD" name="test_calendar_events_mocked" time="0.046" /><testcase classname="backend.tests.backend_test.TestLogout" name="test_logout" time="0.043" /></testsuite></testsuites>